<?xml version="1.0" encoding="UTF-8"?>
<testsuite xmlns:xsi="http://www.w3.org/2001/XMLSchema-instance" xsi:noNamespaceSchemaLocation="https://maven.apache.org/surefire/maven-surefire-plugin/xsd/surefire-test-report.xsd" name="ru.practicum.api.CreateCourierAPITest" time="2.752" tests="10" errors="0" skipped="0" failures="1">
  <properties>
[...]
</properties>
  <testcase name="createNewCourierWithoutLogin" classname="ru.practicum.api.CreateCourierAPITest" time="0.144"/>
  <testcase name="createNewCourierWithoutPassword" classname="ru.practicum.api.CreateCourierAPITest" time="0.169"/>
  <testcase name="createNewCourierWithAllEmptyFields" classname="ru.practicum.api.CreateCourierAPITest" time="0.13"/>
  <testcase name="createNewCourierWithEmptyLogin" classname="ru.practicum.api.CreateCourierAPITest" time="0.118"/>
  <testcase name="createNewCourierWithCorrectAndSufficientData" classname="ru.practicum.api.CreateCourierAPITest" time="0.42"/>
  <testcase name="createNewCourierWithTakenLogin" classname="ru.practicum.api.CreateCourierAPITest" time="0.145">
    <failure message="1 expectation failed.&#10;JSON path message doesn&apos;t match.&#10;Expected: Этот логин уже используется&#10;  Actual: Этот логин уже используется. Попробуйте другой.&#10;" type="java.lang.AssertionError">java.lang.AssertionError: 
1 expectation failed.
JSON path message doesn't match.
Expected: Этот логин уже используется
  Actual: Этот логин уже используется. Попробуйте другой.

	at ru.practicum.api.CreateCourierAPITest.createNewCourierWithTakenLogin(CreateCourierAPITest.java:139)
</failure>
  </testcase>
  <testcase name="createNewCourierWithEmptyPassword" classname="ru.practicum.api.CreateCourierAPITest" time="0.122"/>
  <testcase name="createNewCourierWithoutFirstName" classname="ru.practicum.api.CreateCourierAPITest" time="0.466"/>
  <testcase name="createNewCourierWithDuplicateData" classname="ru.practicum.api.CreateCourierAPITest" time="0.583"/>
  <testcase name="createNewCourierWithEmptyFirstName" classname="ru.practicum.api.CreateCourierAPITest" time="0.446"/>
</testsuite>